<?xml version="1.0" encoding="UTF-8"?>
<!-- Generated by org.testng.reporters.JUnitXMLReporter -->
<testsuite ignored="0" hostname="DESKTOP-U3NOTER" failures="0" tests="4" name="Default test" time="14.522" errors="0" timestamp="2024-11-01T22:37:09 IST">
  <testcase classname="api.test.UserTests2forPropertiesFile" name="testPOSTUser" time="8.351"/>
  <testcase classname="api.test.UserTests2forPropertiesFile" name="testGetUserByName" time="1.307"/>
  <testcase classname="api.test.UserTests2forPropertiesFile" name="testUpdateUserByName" time="2.437"/>
  <testcase classname="api.test.UserTests2forPropertiesFile" name="testDeleteUserByName" time="1.247"/>
</testsuite> <!-- Default test -->
