<?xml version="1.0" encoding="UTF-8"?>
<testng-results ignored="0" total="4" passed="4" failed="0" skipped="0">
  <reporter-output>
  </reporter-output>
  <suite started-at="2024-11-01T23:11:29 IST" name="PetSuite" finished-at="2024-11-01T23:11:43 IST" duration-ms="14270">
    <groups>
    </groups>
    <test started-at="2024-11-01T23:11:29 IST" name="PetTest" finished-at="2024-11-01T23:11:43 IST" duration-ms="14270">
      <class name="api.test.UserTests">
        <test-method is-config="true" signature="setup()[pri:0, instance:api.test.UserTests@550a1967]" started-at="2024-11-01T23:11:29 IST" name="setup" finished-at="2024-11-01T23:11:30 IST" duration-ms="846" status="PASS">
          <reporter-output>
          </reporter-output>
        </test-method> <!-- setup -->
        <test-method signature="testPOSTUser()[pri:1, instance:api.test.UserTests@550a1967]" started-at="2024-11-01T23:11:30 IST" name="testPOSTUser" finished-at="2024-11-01T23:11:38 IST" duration-ms="7636" status="PASS">
          <reporter-output>
          </reporter-output>
        </test-method> <!-- testPOSTUser -->
        <test-method signature="testGetUserByName()[pri:2, instance:api.test.UserTests@550a1967]" started-at="2024-11-01T23:11:38 IST" name="testGetUserByName" finished-at="2024-11-01T23:11:39 IST" duration-ms="1279" status="PASS">
          <reporter-output>
          </reporter-output>
        </test-method> <!-- testGetUserByName -->
        <test-method signature="testUpdateUserByName()[pri:3, instance:api.test.UserTests@550a1967]" started-at="2024-11-01T23:11:39 IST" name="testUpdateUserByName" finished-at="2024-11-01T23:11:42 IST" duration-ms="2415" status="PASS">
          <reporter-output>
          </reporter-output>
        </test-method> <!-- testUpdateUserByName -->
        <test-method signature="testDeleteUserByName()[pri:4, instance:api.test.UserTests@550a1967]" started-at="2024-11-01T23:11:42 IST" name="testDeleteUserByName" finished-at="2024-11-01T23:11:43 IST" duration-ms="1213" status="PASS">
          <reporter-output>
          </reporter-output>
        </test-method> <!-- testDeleteUserByName -->
      </class> <!-- api.test.UserTests -->
    </test> <!-- PetTest -->
  </suite> <!-- PetSuite -->
</testng-results>
