<?xml version="1.0" encoding="UTF-8"?>
<testsuite xmlns:xsi="http://www.w3.org/2001/XMLSchema-instance" xsi:noNamespaceSchemaLocation="https://maven.apache.org/surefire/maven-surefire-plugin/xsd/surefire-test-report-3.0.xsd" version="3.0" name="TestSuite" time="49.654" tests="22" errors="0" skipped="0" failures="0">
  <properties>
[...]
</properties>
  <testcase name="testPOSTUser" classname="api.test.UserTests" time="7.071">
    <system-out><![CDATA[HTTP/1.1 200 OK
Date: Sat, 02 Nov 2024 14:52:24 GMT
Content-Type: application/json
Transfer-Encoding: chunked
Connection: keep-alive
Access-Control-Allow-Origin: *
Access-Control-Allow-Methods: GET, POST, DELETE, PUT
Access-Control-Allow-Headers: Content-Type, api_key, Authorization
Server: Jetty(9.2.9.v20150224)

{
    "code": 200,
    "type": "unknown",
    "message": "1396292525"
}
]]></system-out>
  </testcase>
  <testcase name="testGetUserByName" classname="api.test.UserTests" time="1.287">
    <system-out><![CDATA[HTTP/1.1 200 OK
Date: Sat, 02 Nov 2024 14:52:25 GMT
Content-Type: application/json
Transfer-Encoding: chunked
Connection: keep-alive
Access-Control-Allow-Origin: *
Access-Control-Allow-Methods: GET, POST, DELETE, PUT
Access-Control-Allow-Headers: Content-Type, api_key, Authorization
Server: Jetty(9.2.9.v20150224)

{
    "id": 1396292525,
    "username": "vincent.grimes",
    "firstName": "Ricky",
    "lastName": "West",
    "email": "armando.ernser@example.com",
    "password": "8rmubcr",
    "phone": "427-402-5557",
    "userStatus": 0
}
]]></system-out>
  </testcase>
  <testcase name="testUpdateUserByName" classname="api.test.UserTests" time="2.431">
    <system-out><![CDATA[HTTP/1.1 200 OK
Date: Sat, 02 Nov 2024 14:52:26 GMT
Content-Type: application/json
Transfer-Encoding: chunked
Connection: keep-alive
Access-Control-Allow-Origin: *
Access-Control-Allow-Methods: GET, POST, DELETE, PUT
Access-Control-Allow-Headers: Content-Type, api_key, Authorization
Server: Jetty(9.2.9.v20150224)

{
    "code": 200,
    "type": "unknown",
    "message": "1396292525"
}
HTTP/1.1 200 OK
Date: Sat, 02 Nov 2024 14:52:26 GMT
Content-Type: application/json
Transfer-Encoding: chunked
Connection: keep-alive
Access-Control-Allow-Origin: *
Access-Control-Allow-Methods: GET, POST, DELETE, PUT
Access-Control-Allow-Headers: Content-Type, api_key, Authorization
Server: Jetty(9.2.9.v20150224)

{
    "code": 200,
    "type": "unknown",
    "message": "1396292525"
}
]]></system-out>
  </testcase>
  <testcase name="testDeleteUserByName" classname="api.test.UserTests" time="1.173">
    <system-out><![CDATA[HTTP/1.1 200 OK
Date: Sat, 02 Nov 2024 14:52:29 GMT
Content-Type: application/json
Transfer-Encoding: chunked
Connection: keep-alive
Access-Control-Allow-Origin: *
Access-Control-Allow-Methods: GET, POST, DELETE, PUT
Access-Control-Allow-Headers: Content-Type, api_key, Authorization
Server: Jetty(9.2.9.v20150224)

{
    "code": 200,
    "type": "unknown",
    "message": "vincent.grimes"
}
]]></system-out>
  </testcase>
  <testcase name="testPOSTUser" classname="api.test.UserTests2forPropertiesFile" time="1.216">
    <system-out><![CDATA[HTTP/1.1 200 OK
Date: Sat, 02 Nov 2024 14:52:30 GMT
Content-Type: application/json
Transfer-Encoding: chunked
Connection: keep-alive
Access-Control-Allow-Origin: *
Access-Control-Allow-Methods: GET, POST, DELETE, PUT
Access-Control-Allow-Headers: Content-Type, api_key, Authorization
Server: Jetty(9.2.9.v20150224)

{
    "code": 200,
    "type": "unknown",
    "message": "865918539"
}
]]></system-out>
  </testcase>
  <testcase name="testGetUserByName" classname="api.test.UserTests2forPropertiesFile" time="1.184">
    <system-out><![CDATA[HTTP/1.1 200 OK
Date: Sat, 02 Nov 2024 14:52:31 GMT
Content-Type: application/json
Transfer-Encoding: chunked
Connection: keep-alive
Access-Control-Allow-Origin: *
Access-Control-Allow-Methods: GET, POST, DELETE, PUT
Access-Control-Allow-Headers: Content-Type, api_key, Authorization
Server: Jetty(9.2.9.v20150224)

{
    "id": 865918539,
    "username": "jerald.hand",
    "firstName": "Long",
    "lastName": "Lynch",
    "email": "laci.schaefer@example.com",
    "password": "5w7gyhi",
    "phone": "1-855-536-1938",
    "userStatus": 0
}
]]></system-out>
  </testcase>
  <testcase name="testUpdateUserByName" classname="api.test.UserTests2forPropertiesFile" time="2.434">
    <system-out><![CDATA[HTTP/1.1 200 OK
Date: Sat, 02 Nov 2024 14:52:33 GMT
Content-Type: application/json
Transfer-Encoding: chunked
Connection: keep-alive
Access-Control-Allow-Origin: *
Access-Control-Allow-Methods: GET, POST, DELETE, PUT
Access-Control-Allow-Headers: Content-Type, api_key, Authorization
Server: Jetty(9.2.9.v20150224)

{
    "code": 200,
    "type": "unknown",
    "message": "865918539"
}
HTTP/1.1 200 OK
Date: Sat, 02 Nov 2024 14:52:33 GMT
Content-Type: application/json
Transfer-Encoding: chunked
Connection: keep-alive
Access-Control-Allow-Origin: *
Access-Control-Allow-Methods: GET, POST, DELETE, PUT
Access-Control-Allow-Headers: Content-Type, api_key, Authorization
Server: Jetty(9.2.9.v20150224)

{
    "code": 200,
    "type": "unknown",
    "message": "865918539"
}
]]></system-out>
  </testcase>
  <testcase name="testDeleteUserByName" classname="api.test.UserTests2forPropertiesFile" time="1.169">
    <system-out><![CDATA[HTTP/1.1 200 OK
Date: Sat, 02 Nov 2024 14:52:35 GMT
Content-Type: application/json
Transfer-Encoding: chunked
Connection: keep-alive
Access-Control-Allow-Origin: *
Access-Control-Allow-Methods: GET, POST, DELETE, PUT
Access-Control-Allow-Headers: Content-Type, api_key, Authorization
Server: Jetty(9.2.9.v20150224)

{
    "code": 200,
    "type": "unknown",
    "message": "jerald.hand"
}
]]></system-out>
  </testcase>
  <testcase name="test_PostUser[1010, testuser1,  John, Canedy, a@gmaii.com, test@1, 123456789](1)" classname="api.test.DDTtest" time="1.188">
    <system-out><![CDATA[HTTP/1.1 200 OK
Date: Sat, 02 Nov 2024 14:52:41 GMT
Content-Type: application/json
Transfer-Encoding: chunked
Connection: keep-alive
Access-Control-Allow-Origin: *
Access-Control-Allow-Methods: GET, POST, DELETE, PUT
Access-Control-Allow-Headers: Content-Type, api_key, Authorization
Server: Jetty(9.2.9.v20150224)

{
    "code": 200,
    "type": "unknown",
    "message": "1010"
}
]]></system-out>
  </testcase>
  <testcase name="test_PostUser[1020, testuser2, Kim, Kom, b@gmaii.com, test@2, 213456789](2)" classname="api.test.DDTtest" time="1.207">
    <system-out><![CDATA[HTTP/1.1 200 OK
Date: Sat, 02 Nov 2024 14:52:43 GMT
Content-Type: application/json
Transfer-Encoding: chunked
Connection: keep-alive
Access-Control-Allow-Origin: *
Access-Control-Allow-Methods: GET, POST, DELETE, PUT
Access-Control-Allow-Headers: Content-Type, api_key, Authorization
Server: Jetty(9.2.9.v20150224)

{
    "code": 200,
    "type": "unknown",
    "message": "1020"
}
]]></system-out>
  </testcase>
  <testcase name="test_PostUser[1030, testuser3, Smith, steve, c@gmaii.com, test@3, 312456789](3)" classname="api.test.DDTtest" time="1.157">
    <system-out><![CDATA[HTTP/1.1 200 OK
Date: Sat, 02 Nov 2024 14:52:44 GMT
Content-Type: application/json
Transfer-Encoding: chunked
Connection: keep-alive
Access-Control-Allow-Origin: *
Access-Control-Allow-Methods: GET, POST, DELETE, PUT
Access-Control-Allow-Headers: Content-Type, api_key, Authorization
Server: Jetty(9.2.9.v20150224)

{
    "code": 200,
    "type": "unknown",
    "message": "1030"
}
]]></system-out>
  </testcase>
  <testcase name="test_PostUser[1040, testuser4, kmith, dlda, d@gmaii.com, test@4, 312456789](4)" classname="api.test.DDTtest" time="1.215">
    <system-out><![CDATA[HTTP/1.1 200 OK
Date: Sat, 02 Nov 2024 14:52:45 GMT
Content-Type: application/json
Transfer-Encoding: chunked
Connection: keep-alive
Access-Control-Allow-Origin: *
Access-Control-Allow-Methods: GET, POST, DELETE, PUT
Access-Control-Allow-Headers: Content-Type, api_key, Authorization
Server: Jetty(9.2.9.v20150224)

{
    "code": 200,
    "type": "unknown",
    "message": "1040"
}
]]></system-out>
  </testcase>
  <testcase name="test_PostUser[1050, testuser5, jmith, dsd, e@gmaii.com, test@5, 312456789](5)" classname="api.test.DDTtest" time="1.132">
    <system-out><![CDATA[HTTP/1.1 200 OK
Date: Sat, 02 Nov 2024 14:52:46 GMT
Content-Type: application/json
Transfer-Encoding: chunked
Connection: keep-alive
Access-Control-Allow-Origin: *
Access-Control-Allow-Methods: GET, POST, DELETE, PUT
Access-Control-Allow-Headers: Content-Type, api_key, Authorization
Server: Jetty(9.2.9.v20150224)

{
    "code": 200,
    "type": "unknown",
    "message": "1050"
}
]]></system-out>
  </testcase>
  <testcase name="test_PostUser[1060, testuser6, hmith, vds, f@gmaii.com, test@6, 312456789](6)" classname="api.test.DDTtest" time="1.291">
    <system-out><![CDATA[HTTP/1.1 200 OK
Date: Sat, 02 Nov 2024 14:52:47 GMT
Content-Type: application/json
Transfer-Encoding: chunked
Connection: keep-alive
Access-Control-Allow-Origin: *
Access-Control-Allow-Methods: GET, POST, DELETE, PUT
Access-Control-Allow-Headers: Content-Type, api_key, Authorization
Server: Jetty(9.2.9.v20150224)

{
    "code": 200,
    "type": "unknown",
    "message": "1060"
}
]]></system-out>
  </testcase>
  <testcase name="test_PostUser[1070, testuser7, tmith, adad, g@gmaii.com, test@7, 312456789](7)" classname="api.test.DDTtest" time="1.237">
    <system-out><![CDATA[HTTP/1.1 200 OK
Date: Sat, 02 Nov 2024 14:52:49 GMT
Content-Type: application/json
Transfer-Encoding: chunked
Connection: keep-alive
Access-Control-Allow-Origin: *
Access-Control-Allow-Methods: GET, POST, DELETE, PUT
Access-Control-Allow-Headers: Content-Type, api_key, Authorization
Server: Jetty(9.2.9.v20150224)

{
    "code": 200,
    "type": "unknown",
    "message": "1070"
}
]]></system-out>
  </testcase>
  <testcase name="test_DeleteUserByName[testuser1](1)" classname="api.test.DDTtest" time="1.171">
    <system-out><![CDATA[HTTP/1.1 200 OK
Date: Sat, 02 Nov 2024 14:52:50 GMT
Content-Type: application/json
Transfer-Encoding: chunked
Connection: keep-alive
Access-Control-Allow-Origin: *
Access-Control-Allow-Methods: GET, POST, DELETE, PUT
Access-Control-Allow-Headers: Content-Type, api_key, Authorization
Server: Jetty(9.2.9.v20150224)

{
    "code": 200,
    "type": "unknown",
    "message": "testuser1"
}
]]></system-out>
  </testcase>
  <testcase name="test_DeleteUserByName[testuser2](2)" classname="api.test.DDTtest" time="1.149">
    <system-out><![CDATA[HTTP/1.1 200 OK
Date: Sat, 02 Nov 2024 14:52:51 GMT
Content-Type: application/json
Transfer-Encoding: chunked
Connection: keep-alive
Access-Control-Allow-Origin: *
Access-Control-Allow-Methods: GET, POST, DELETE, PUT
Access-Control-Allow-Headers: Content-Type, api_key, Authorization
Server: Jetty(9.2.9.v20150224)

{
    "code": 200,
    "type": "unknown",
    "message": "testuser2"
}
]]></system-out>
  </testcase>
  <testcase name="test_DeleteUserByName[testuser3](3)" classname="api.test.DDTtest" time="1.199">
    <system-out><![CDATA[HTTP/1.1 200 OK
Date: Sat, 02 Nov 2024 14:52:52 GMT
Content-Type: application/json
Transfer-Encoding: chunked
Connection: keep-alive
Access-Control-Allow-Origin: *
Access-Control-Allow-Methods: GET, POST, DELETE, PUT
Access-Control-Allow-Headers: Content-Type, api_key, Authorization
Server: Jetty(9.2.9.v20150224)

{
    "code": 200,
    "type": "unknown",
    "message": "testuser3"
}
]]></system-out>
  </testcase>
  <testcase name="test_DeleteUserByName[testuser4](4)" classname="api.test.DDTtest" time="1.186">
    <system-out><![CDATA[HTTP/1.1 200 OK
Date: Sat, 02 Nov 2024 14:52:54 GMT
Content-Type: application/json
Transfer-Encoding: chunked
Connection: keep-alive
Access-Control-Allow-Origin: *
Access-Control-Allow-Methods: GET, POST, DELETE, PUT
Access-Control-Allow-Headers: Content-Type, api_key, Authorization
Server: Jetty(9.2.9.v20150224)

{
    "code": 200,
    "type": "unknown",
    "message": "testuser4"
}
]]></system-out>
  </testcase>
  <testcase name="test_DeleteUserByName[testuser5](5)" classname="api.test.DDTtest" time="1.164">
    <system-out><![CDATA[HTTP/1.1 200 OK
Date: Sat, 02 Nov 2024 14:52:55 GMT
Content-Type: application/json
Transfer-Encoding: chunked
Connection: keep-alive
Access-Control-Allow-Origin: *
Access-Control-Allow-Methods: GET, POST, DELETE, PUT
Access-Control-Allow-Headers: Content-Type, api_key, Authorization
Server: Jetty(9.2.9.v20150224)

{
    "code": 200,
    "type": "unknown",
    "message": "testuser5"
}
]]></system-out>
  </testcase>
  <testcase name="test_DeleteUserByName[testuser6](6)" classname="api.test.DDTtest" time="1.144">
    <system-out><![CDATA[HTTP/1.1 200 OK
Date: Sat, 02 Nov 2024 14:52:56 GMT
Content-Type: application/json
Transfer-Encoding: chunked
Connection: keep-alive
Access-Control-Allow-Origin: *
Access-Control-Allow-Methods: GET, POST, DELETE, PUT
Access-Control-Allow-Headers: Content-Type, api_key, Authorization
Server: Jetty(9.2.9.v20150224)

{
    "code": 200,
    "type": "unknown",
    "message": "testuser6"
}
]]></system-out>
  </testcase>
  <testcase name="test_DeleteUserByName[testuser7](7)" classname="api.test.DDTtest" time="1.177">
    <system-out><![CDATA[HTTP/1.1 200 OK
Date: Sat, 02 Nov 2024 14:52:57 GMT
Content-Type: application/json
Transfer-Encoding: chunked
Connection: keep-alive
Access-Control-Allow-Origin: *
Access-Control-Allow-Methods: GET, POST, DELETE, PUT
Access-Control-Allow-Headers: Content-Type, api_key, Authorization
Server: Jetty(9.2.9.v20150224)

{
    "code": 200,
    "type": "unknown",
    "message": "testuser7"
}
]]></system-out>
  </testcase>
</testsuite>