<?xml version="1.0" encoding="UTF-8"?>
<testng-results ignored="0" total="22" passed="22" failed="0" skipped="0">
  <reporter-output>
  </reporter-output>
  <suite started-at="2024-11-02T20:22:16 IST" name="PetSuite" finished-at="2024-11-02T20:22:57 IST" duration-ms="41699">
    <groups>
    </groups>
    <test started-at="2024-11-02T20:22:16 IST" name="PetTest" finished-at="2024-11-02T20:22:57 IST" duration-ms="41699">
      <class name="api.test.DDTtest">
        <test-method signature="test_PostUser(java.lang.String,java.lang.String,java.lang.String,java.lang.String,java.lang.String,java.lang.String,java.lang.String)[pri:1, instance:api.test.DDTtest@58e6d4b8]" started-at="2024-11-02T20:22:40 IST" name="test_PostUser" data-provider="Data" finished-at="2024-11-02T20:22:42 IST" duration-ms="1186" status="PASS">
          <params>
            <param index="0">
              <value>
                <![CDATA[1010]]>
              </value>
            </param>
            <param index="1">
              <value>
                <![CDATA[testuser1]]>
              </value>
            </param>
            <param index="2">
              <value>
                <![CDATA[ John]]>
              </value>
            </param>
            <param index="3">
              <value>
                <![CDATA[Canedy]]>
              </value>
            </param>
            <param index="4">
              <value>
                <![CDATA[a@gmaii.com]]>
              </value>
            </param>
            <param index="5">
              <value>
                <![CDATA[test@1]]>
              </value>
            </param>
            <param index="6">
              <value>
                <![CDATA[123456789]]>
              </value>
            </param>
          </params>
          <reporter-output>
          </reporter-output>
        </test-method> <!-- test_PostUser -->
        <test-method signature="test_PostUser(java.lang.String,java.lang.String,java.lang.String,java.lang.String,java.lang.String,java.lang.String,java.lang.String)[pri:1, instance:api.test.DDTtest@58e6d4b8]" started-at="2024-11-02T20:22:42 IST" name="test_PostUser" data-provider="Data" finished-at="2024-11-02T20:22:43 IST" duration-ms="1187" status="PASS">
          <params>
            <param index="0">
              <value>
                <![CDATA[1020]]>
              </value>
            </param>
            <param index="1">
              <value>
                <![CDATA[testuser2]]>
              </value>
            </param>
            <param index="2">
              <value>
                <![CDATA[Kim]]>
              </value>
            </param>
            <param index="3">
              <value>
                <![CDATA[Kom]]>
              </value>
            </param>
            <param index="4">
              <value>
                <![CDATA[b@gmaii.com]]>
              </value>
            </param>
            <param index="5">
              <value>
                <![CDATA[test@2]]>
              </value>
            </param>
            <param index="6">
              <value>
                <![CDATA[213456789]]>
              </value>
            </param>
          </params>
          <reporter-output>
          </reporter-output>
        </test-method> <!-- test_PostUser -->
        <test-method signature="test_PostUser(java.lang.String,java.lang.String,java.lang.String,java.lang.String,java.lang.String,java.lang.String,java.lang.String)[pri:1, instance:api.test.DDTtest@58e6d4b8]" started-at="2024-11-02T20:22:43 IST" name="test_PostUser" data-provider="Data" finished-at="2024-11-02T20:22:44 IST" duration-ms="1169" status="PASS">
          <params>
            <param index="0">
              <value>
                <![CDATA[1030]]>
              </value>
            </param>
            <param index="1">
              <value>
                <![CDATA[testuser3]]>
              </value>
            </param>
            <param index="2">
              <value>
                <![CDATA[Smith]]>
              </value>
            </param>
            <param index="3">
              <value>
                <![CDATA[steve]]>
              </value>
            </param>
            <param index="4">
              <value>
                <![CDATA[c@gmaii.com]]>
              </value>
            </param>
            <param index="5">
              <value>
                <![CDATA[test@3]]>
              </value>
            </param>
            <param index="6">
              <value>
                <![CDATA[312456789]]>
              </value>
            </param>
          </params>
          <reporter-output>
          </reporter-output>
        </test-method> <!-- test_PostUser -->
        <test-method signature="test_PostUser(java.lang.String,java.lang.String,java.lang.String,java.lang.String,java.lang.String,java.lang.String,java.lang.String)[pri:1, instance:api.test.DDTtest@58e6d4b8]" started-at="2024-11-02T20:22:44 IST" name="test_PostUser" data-provider="Data" finished-at="2024-11-02T20:22:45 IST" duration-ms="1216" status="PASS">
          <params>
            <param index="0">
              <value>
                <![CDATA[1040]]>
              </value>
            </param>
            <param index="1">
              <value>
                <![CDATA[testuser4]]>
              </value>
            </param>
            <param index="2">
              <value>
                <![CDATA[kmith]]>
              </value>
            </param>
            <param index="3">
              <value>
                <![CDATA[dlda]]>
              </value>
            </param>
            <param index="4">
              <value>
                <![CDATA[d@gmaii.com]]>
              </value>
            </param>
            <param index="5">
              <value>
                <![CDATA[test@4]]>
              </value>
            </param>
            <param index="6">
              <value>
                <![CDATA[312456789]]>
              </value>
            </param>
          </params>
          <reporter-output>
          </reporter-output>
        </test-method> <!-- test_PostUser -->
        <test-method signature="test_PostUser(java.lang.String,java.lang.String,java.lang.String,java.lang.String,java.lang.String,java.lang.String,java.lang.String)[pri:1, instance:api.test.DDTtest@58e6d4b8]" started-at="2024-11-02T20:22:45 IST" name="test_PostUser" data-provider="Data" finished-at="2024-11-02T20:22:46 IST" duration-ms="1136" status="PASS">
          <params>
            <param index="0">
              <value>
                <![CDATA[1050]]>
              </value>
            </param>
            <param index="1">
              <value>
                <![CDATA[testuser5]]>
              </value>
            </param>
            <param index="2">
              <value>
                <![CDATA[jmith]]>
              </value>
            </param>
            <param index="3">
              <value>
                <![CDATA[dsd]]>
              </value>
            </param>
            <param index="4">
              <value>
                <![CDATA[e@gmaii.com]]>
              </value>
            </param>
            <param index="5">
              <value>
                <![CDATA[test@5]]>
              </value>
            </param>
            <param index="6">
              <value>
                <![CDATA[312456789]]>
              </value>
            </param>
          </params>
          <reporter-output>
          </reporter-output>
        </test-method> <!-- test_PostUser -->
        <test-method signature="test_PostUser(java.lang.String,java.lang.String,java.lang.String,java.lang.String,java.lang.String,java.lang.String,java.lang.String)[pri:1, instance:api.test.DDTtest@58e6d4b8]" started-at="2024-11-02T20:22:46 IST" name="test_PostUser" data-provider="Data" finished-at="2024-11-02T20:22:48 IST" duration-ms="1302" status="PASS">
          <params>
            <param index="0">
              <value>
                <![CDATA[1060]]>
              </value>
            </param>
            <param index="1">
              <value>
                <![CDATA[testuser6]]>
              </value>
            </param>
            <param index="2">
              <value>
                <![CDATA[hmith]]>
              </value>
            </param>
            <param index="3">
              <value>
                <![CDATA[vds]]>
              </value>
            </param>
            <param index="4">
              <value>
                <![CDATA[f@gmaii.com]]>
              </value>
            </param>
            <param index="5">
              <value>
                <![CDATA[test@6]]>
              </value>
            </param>
            <param index="6">
              <value>
                <![CDATA[312456789]]>
              </value>
            </param>
          </params>
          <reporter-output>
          </reporter-output>
        </test-method> <!-- test_PostUser -->
        <test-method signature="test_PostUser(java.lang.String,java.lang.String,java.lang.String,java.lang.String,java.lang.String,java.lang.String,java.lang.String)[pri:1, instance:api.test.DDTtest@58e6d4b8]" started-at="2024-11-02T20:22:48 IST" name="test_PostUser" data-provider="Data" finished-at="2024-11-02T20:22:49 IST" duration-ms="1250" status="PASS">
          <params>
            <param index="0">
              <value>
                <![CDATA[1070]]>
              </value>
            </param>
            <param index="1">
              <value>
                <![CDATA[testuser7]]>
              </value>
            </param>
            <param index="2">
              <value>
                <![CDATA[tmith]]>
              </value>
            </param>
            <param index="3">
              <value>
                <![CDATA[adad]]>
              </value>
            </param>
            <param index="4">
              <value>
                <![CDATA[g@gmaii.com]]>
              </value>
            </param>
            <param index="5">
              <value>
                <![CDATA[test@7]]>
              </value>
            </param>
            <param index="6">
              <value>
                <![CDATA[312456789]]>
              </value>
            </param>
          </params>
          <reporter-output>
          </reporter-output>
        </test-method> <!-- test_PostUser -->
        <test-method signature="test_DeleteUserByName(java.lang.String)[pri:2, instance:api.test.DDTtest@58e6d4b8]" started-at="2024-11-02T20:22:49 IST" name="test_DeleteUserByName" data-provider="UserNames" finished-at="2024-11-02T20:22:50 IST" duration-ms="1164" status="PASS">
          <params>
            <param index="0">
              <value>
                <![CDATA[testuser1]]>
              </value>
            </param>
          </params>
          <reporter-output>
          </reporter-output>
        </test-method> <!-- test_DeleteUserByName -->
        <test-method signature="test_DeleteUserByName(java.lang.String)[pri:2, instance:api.test.DDTtest@58e6d4b8]" started-at="2024-11-02T20:22:50 IST" name="test_DeleteUserByName" data-provider="UserNames" finished-at="2024-11-02T20:22:51 IST" duration-ms="1135" status="PASS">
          <params>
            <param index="0">
              <value>
                <![CDATA[testuser2]]>
              </value>
            </param>
          </params>
          <reporter-output>
          </reporter-output>
        </test-method> <!-- test_DeleteUserByName -->
        <test-method signature="test_DeleteUserByName(java.lang.String)[pri:2, instance:api.test.DDTtest@58e6d4b8]" started-at="2024-11-02T20:22:51 IST" name="test_DeleteUserByName" data-provider="UserNames" finished-at="2024-11-02T20:22:53 IST" duration-ms="1198" status="PASS">
          <params>
            <param index="0">
              <value>
                <![CDATA[testuser3]]>
              </value>
            </param>
          </params>
          <reporter-output>
          </reporter-output>
        </test-method> <!-- test_DeleteUserByName -->
        <test-method signature="test_DeleteUserByName(java.lang.String)[pri:2, instance:api.test.DDTtest@58e6d4b8]" started-at="2024-11-02T20:22:53 IST" name="test_DeleteUserByName" data-provider="UserNames" finished-at="2024-11-02T20:22:54 IST" duration-ms="1203" status="PASS">
          <params>
            <param index="0">
              <value>
                <![CDATA[testuser4]]>
              </value>
            </param>
          </params>
          <reporter-output>
          </reporter-output>
        </test-method> <!-- test_DeleteUserByName -->
        <test-method signature="test_DeleteUserByName(java.lang.String)[pri:2, instance:api.test.DDTtest@58e6d4b8]" started-at="2024-11-02T20:22:54 IST" name="test_DeleteUserByName" data-provider="UserNames" finished-at="2024-11-02T20:22:55 IST" duration-ms="1178" status="PASS">
          <params>
            <param index="0">
              <value>
                <![CDATA[testuser5]]>
              </value>
            </param>
          </params>
          <reporter-output>
          </reporter-output>
        </test-method> <!-- test_DeleteUserByName -->
        <test-method signature="test_DeleteUserByName(java.lang.String)[pri:2, instance:api.test.DDTtest@58e6d4b8]" started-at="2024-11-02T20:22:55 IST" name="test_DeleteUserByName" data-provider="UserNames" finished-at="2024-11-02T20:22:56 IST" duration-ms="1150" status="PASS">
          <params>
            <param index="0">
              <value>
                <![CDATA[testuser6]]>
              </value>
            </param>
          </params>
          <reporter-output>
          </reporter-output>
        </test-method> <!-- test_DeleteUserByName -->
        <test-method signature="test_DeleteUserByName(java.lang.String)[pri:2, instance:api.test.DDTtest@58e6d4b8]" started-at="2024-11-02T20:22:56 IST" name="test_DeleteUserByName" data-provider="UserNames" finished-at="2024-11-02T20:22:57 IST" duration-ms="1178" status="PASS">
          <params>
            <param index="0">
              <value>
                <![CDATA[testuser7]]>
              </value>
            </param>
          </params>
          <reporter-output>
          </reporter-output>
        </test-method> <!-- test_DeleteUserByName -->
      </class> <!-- api.test.DDTtest -->
      <class name="api.test.UserTests">
        <test-method is-config="true" signature="setup()[pri:0, instance:api.test.UserTests@2b491fee]" started-at="2024-11-02T20:22:16 IST" name="setup" finished-at="2024-11-02T20:22:17 IST" duration-ms="652" status="PASS">
          <reporter-output>
          </reporter-output>
        </test-method> <!-- setup -->
        <test-method signature="testPOSTUser()[pri:1, instance:api.test.UserTests@2b491fee]" started-at="2024-11-02T20:22:17 IST" name="testPOSTUser" finished-at="2024-11-02T20:22:24 IST" duration-ms="7034" status="PASS">
          <reporter-output>
          </reporter-output>
        </test-method> <!-- testPOSTUser -->
        <test-method signature="testGetUserByName()[pri:2, instance:api.test.UserTests@2b491fee]" started-at="2024-11-02T20:22:24 IST" name="testGetUserByName" finished-at="2024-11-02T20:22:25 IST" duration-ms="1280" status="PASS">
          <reporter-output>
          </reporter-output>
        </test-method> <!-- testGetUserByName -->
        <test-method signature="testUpdateUserByName()[pri:3, instance:api.test.UserTests@2b491fee]" started-at="2024-11-02T20:22:25 IST" name="testUpdateUserByName" finished-at="2024-11-02T20:22:28 IST" duration-ms="2437" status="PASS">
          <reporter-output>
          </reporter-output>
        </test-method> <!-- testUpdateUserByName -->
        <test-method signature="testDeleteUserByName()[pri:4, instance:api.test.UserTests@2b491fee]" started-at="2024-11-02T20:22:28 IST" name="testDeleteUserByName" finished-at="2024-11-02T20:22:29 IST" duration-ms="1177" status="PASS">
          <reporter-output>
          </reporter-output>
        </test-method> <!-- testDeleteUserByName -->
      </class> <!-- api.test.UserTests -->
      <class name="api.test.UserTests2forPropertiesFile">
        <test-method is-config="true" signature="setupData()[pri:0, instance:api.test.UserTests2forPropertiesFile@50eca7c6]" started-at="2024-11-02T20:22:29 IST" name="setupData" finished-at="2024-11-02T20:22:29 IST" duration-ms="183" status="PASS">
          <reporter-output>
          </reporter-output>
        </test-method> <!-- setupData -->
        <test-method signature="testPOSTUser()[pri:1, instance:api.test.UserTests2forPropertiesFile@50eca7c6]" started-at="2024-11-02T20:22:29 IST" name="testPOSTUser" finished-at="2024-11-02T20:22:30 IST" duration-ms="1207" status="PASS">
          <reporter-output>
          </reporter-output>
        </test-method> <!-- testPOSTUser -->
        <test-method signature="testGetUserByName()[pri:2, instance:api.test.UserTests2forPropertiesFile@50eca7c6]" started-at="2024-11-02T20:22:30 IST" name="testGetUserByName" finished-at="2024-11-02T20:22:32 IST" duration-ms="1176" status="PASS">
          <reporter-output>
          </reporter-output>
        </test-method> <!-- testGetUserByName -->
        <test-method signature="testUpdateUserByName()[pri:3, instance:api.test.UserTests2forPropertiesFile@50eca7c6]" started-at="2024-11-02T20:22:32 IST" name="testUpdateUserByName" finished-at="2024-11-02T20:22:34 IST" duration-ms="2427" status="PASS">
          <reporter-output>
          </reporter-output>
        </test-method> <!-- testUpdateUserByName -->
        <test-method signature="testDeleteUserByName()[pri:4, instance:api.test.UserTests2forPropertiesFile@50eca7c6]" started-at="2024-11-02T20:22:34 IST" name="testDeleteUserByName" finished-at="2024-11-02T20:22:35 IST" duration-ms="1184" status="PASS">
          <reporter-output>
          </reporter-output>
        </test-method> <!-- testDeleteUserByName -->
      </class> <!-- api.test.UserTests2forPropertiesFile -->
    </test> <!-- PetTest -->
  </suite> <!-- PetSuite -->
</testng-results>
