<?xml version="1.0" encoding="UTF-8"?>
<!-- Generated by org.testng.reporters.JUnitXMLReporter -->
<testsuite ignored="0" hostname="DESKTOP-U3NOTER" failures="0" tests="4" name="PetTest" time="14.27" errors="0" timestamp="2024-11-01T23:11:45 IST">
  <testcase classname="api.test.UserTests" name="testPOSTUser" time="7.636"/>
  <testcase classname="api.test.UserTests" name="testGetUserByName" time="1.279"/>
  <testcase classname="api.test.UserTests" name="testUpdateUserByName" time="2.415"/>
  <testcase classname="api.test.UserTests" name="testDeleteUserByName" time="1.213"/>
</testsuite> <!-- PetTest -->
