<?xml version="1.0" encoding="UTF-8"?>
<!-- Generated by org.testng.reporters.JUnitXMLReporter -->
<testsuite ignored="0" hostname="DESKTOP-U3NOTER" failures="0" tests="22" name="PetTest" time="41.699" errors="0" timestamp="2024-11-02T20:23:01 IST">
  <testcase classname="api.test.UserTests" name="testPOSTUser" time="7.034"/>
  <testcase classname="api.test.UserTests" name="testGetUserByName" time="1.28"/>
  <testcase classname="api.test.UserTests" name="testUpdateUserByName" time="2.437"/>
  <testcase classname="api.test.UserTests" name="testDeleteUserByName" time="1.177"/>
  <testcase classname="api.test.UserTests2forPropertiesFile" name="testPOSTUser" time="1.207"/>
  <testcase classname="api.test.UserTests2forPropertiesFile" name="testGetUserByName" time="1.176"/>
  <testcase classname="api.test.UserTests2forPropertiesFile" name="testUpdateUserByName" time="2.427"/>
  <testcase classname="api.test.UserTests2forPropertiesFile" name="testDeleteUserByName" time="1.184"/>
  <testcase classname="api.test.DDTtest" name="test_PostUser" time="1.186"/>
  <testcase classname="api.test.DDTtest" name="test_PostUser" time="1.187"/>
  <testcase classname="api.test.DDTtest" name="test_PostUser" time="1.169"/>
  <testcase classname="api.test.DDTtest" name="test_PostUser" time="1.216"/>
  <testcase classname="api.test.DDTtest" name="test_PostUser" time="1.136"/>
  <testcase classname="api.test.DDTtest" name="test_PostUser" time="1.302"/>
  <testcase classname="api.test.DDTtest" name="test_PostUser" time="1.25"/>
  <testcase classname="api.test.DDTtest" name="test_DeleteUserByName" time="1.164"/>
  <testcase classname="api.test.DDTtest" name="test_DeleteUserByName" time="1.135"/>
  <testcase classname="api.test.DDTtest" name="test_DeleteUserByName" time="1.198"/>
  <testcase classname="api.test.DDTtest" name="test_DeleteUserByName" time="1.203"/>
  <testcase classname="api.test.DDTtest" name="test_DeleteUserByName" time="1.178"/>
  <testcase classname="api.test.DDTtest" name="test_DeleteUserByName" time="1.15"/>
  <testcase classname="api.test.DDTtest" name="test_DeleteUserByName" time="1.178"/>
</testsuite> <!-- PetTest -->
