<?xml version="1.0" encoding="UTF-8"?>
<!-- Generated by org.testng.reporters.JUnitXMLReporter -->
<testsuite ignored="0" hostname="DESKTOP-U3NOTER" failures="0" tests="4" name="PetTest" time="13.328" errors="0" timestamp="2024-11-01T22:39:07 IST">
  <testcase classname="api.test.UserTests2forPropertiesFile" name="testPOSTUser" time="6.791"/>
  <testcase classname="api.test.UserTests2forPropertiesFile" name="testGetUserByName" time="1.299"/>
  <testcase classname="api.test.UserTests2forPropertiesFile" name="testUpdateUserByName" time="2.47"/>
  <testcase classname="api.test.UserTests2forPropertiesFile" name="testDeleteUserByName" time="1.199"/>
</testsuite> <!-- PetTest -->
